<?xml version="1.0" encoding="UTF-8" ?>
<testsuites>
<testsuite name="Weather module test suite" errors="0" tests="2" failures="0" time="2.539" timestamp="2017-03-01T18:22:29">
  <testcase classname="Weather module test suite" name="Should find temperature of a city by name" time="2.534"></testcase>
  <testcase classname="Weather module test suite" name="Should return appropriate error for invalid city name" time="0"></testcase>
</testsuite>
</testsuites>